<?xml version="1.0" encoding="UTF-8"?>
<testng-results ignored="0" total="2" passed="2" failed="0" skipped="0">
  <reporter-output>
  </reporter-output>
  <suite started-at="2026-03-23T16:40:18 IST" name="Individual Tests Suite" finished-at="2026-03-23T16:40:39 IST" duration-ms="21021">
    <groups>
    </groups>
    <test started-at="2026-03-23T16:40:18 IST" name="Login Test" finished-at="2026-03-23T16:40:39 IST" duration-ms="21021">
      <class name="com.framework.tests.LoginTest">
        <test-method is-config="true" signature="setup(java.lang.String)[pri:0, instance:com.framework.tests.LoginTest@41488b16]" started-at="2026-03-23T16:40:18 IST" name="setup" finished-at="2026-03-23T16:40:32 IST" duration-ms="13276" status="PASS">
          <params>
            <param index="0">
              <value>
                <![CDATA[chrome]]>
              </value>
            </param>
          </params>
          <reporter-output>
          </reporter-output>
        </test-method> <!-- setup -->
        <test-method signature="loginTest(java.lang.String,java.lang.String)[pri:1, instance:com.framework.tests.LoginTest@41488b16]" started-at="2026-03-23T16:40:32 IST" name="loginTest" data-provider="loginData" finished-at="2026-03-23T16:40:37 IST" duration-ms="5536" status="PASS">
          <params>
            <param index="0">
              <value>
                <![CDATA[testuser123@gmail.com]]>
              </value>
            </param>
            <param index="1">
              <value>
                <![CDATA[Test@123]]>
              </value>
            </param>
          </params>
          <reporter-output>
          </reporter-output>
        </test-method> <!-- loginTest -->
        <test-method is-config="true" signature="captureFailure(org.testng.ITestResult)[pri:0, instance:com.framework.tests.LoginTest@41488b16]" started-at="2026-03-23T16:40:37 IST" name="captureFailure" finished-at="2026-03-23T16:40:37 IST" duration-ms="4" status="PASS">
          <params>
            <param index="0">
              <value>
                <![CDATA[[TestResult name=loginTest status=SUCCESS method=LoginTest.loginTest(java.lang.String,java.lang.String)[pri:1, instance:com.framework.tests.LoginTest@41488b16] output={null}]]]>
              </value>
            </param>
          </params>
          <reporter-output>
          </reporter-output>
        </test-method> <!-- captureFailure -->
        <test-method signature="loginTest(java.lang.String,java.lang.String)[pri:1, instance:com.framework.tests.LoginTest@41488b16]" started-at="2026-03-23T16:40:37 IST" name="loginTest" data-provider="loginData" finished-at="2026-03-23T16:40:39 IST" duration-ms="2106" status="PASS">
          <params>
            <param index="0">
              <value>
                <![CDATA[wronguser@gmail.com]]>
              </value>
            </param>
            <param index="1">
              <value>
                <![CDATA[wrongpass]]>
              </value>
            </param>
          </params>
          <reporter-output>
          </reporter-output>
        </test-method> <!-- loginTest -->
        <test-method is-config="true" signature="captureFailure(org.testng.ITestResult)[pri:0, instance:com.framework.tests.LoginTest@41488b16]" started-at="2026-03-23T16:40:39 IST" name="captureFailure" finished-at="2026-03-23T16:40:39 IST" duration-ms="0" status="PASS">
          <params>
            <param index="0">
              <value>
                <![CDATA[[TestResult name=loginTest status=SUCCESS method=LoginTest.loginTest(java.lang.String,java.lang.String)[pri:1, instance:com.framework.tests.LoginTest@41488b16] output={null}]]]>
              </value>
            </param>
          </params>
          <reporter-output>
          </reporter-output>
        </test-method> <!-- captureFailure -->
        <test-method is-config="true" signature="tearDown()[pri:0, instance:com.framework.tests.LoginTest@41488b16]" started-at="2026-03-23T16:40:40 IST" name="tearDown" finished-at="2026-03-23T16:40:40 IST" duration-ms="110" status="PASS">
          <reporter-output>
          </reporter-output>
        </test-method> <!-- tearDown -->
      </class> <!-- com.framework.tests.LoginTest -->
    </test> <!-- Login Test -->
  </suite> <!-- Individual Tests Suite -->
</testng-results>
